Performing C SOURCE FILE Test CMAKE_HAVE_LIBC_PTHREAD failed with the following output:
Change Dir: /home/leecw/Reps/SuperPoint2CPP/CMakeFiles/CMakeTmp

Run Build Command(s):/usr/bin/make cmTC_45b3d/fast && /usr/bin/make  -f CMakeFiles/cmTC_45b3d.dir/build.make CMakeFiles/cmTC_45b3d.dir/build
make[1]: Entering directory '/home/leecw/Reps/SuperPoint2CPP/CMakeFiles/CMakeTmp'
Building C object CMakeFiles/cmTC_45b3d.dir/src.c.o
/usr/bin/cc   -DCMAKE_HAVE_LIBC_PTHREAD -o CMakeFiles/cmTC_45b3d.dir/src.c.o -c /home/leecw/Reps/SuperPoint2CPP/CMakeFiles/CMakeTmp/src.c
Linking C executable cmTC_45b3d
/usr/local/bin/cmake -E cmake_link_script CMakeFiles/cmTC_45b3d.dir/link.txt --verbose=1
/usr/bin/cc  -DCMAKE_HAVE_LIBC_PTHREAD -rdynamic CMakeFiles/cmTC_45b3d.dir/src.c.o -o cmTC_45b3d 
CMakeFiles/cmTC_45b3d.dir/src.c.o: In function `main':
src.c:(.text+0x3c): undefined reference to `pthread_create'
src.c:(.text+0x48): undefined reference to `pthread_detach'
src.c:(.text+0x54): undefined reference to `pthread_cancel'
src.c:(.text+0x65): undefined reference to `pthread_join'
src.c:(.text+0x79): undefined reference to `pthread_atfork'
collect2: error: ld returned 1 exit status
CMakeFiles/cmTC_45b3d.dir/build.make:105: recipe for target 'cmTC_45b3d' failed
make[1]: *** [cmTC_45b3d] Error 1
make[1]: Leaving directory '/home/leecw/Reps/SuperPoint2CPP/CMakeFiles/CMakeTmp'
Makefile:140: recipe for target 'cmTC_45b3d/fast' failed
make: *** [cmTC_45b3d/fast] Error 2


Source file was:
#include <pthread.h>

void* test_func(void* data)
{
  return data;
}

int main(void)
{
  pthread_t thread;
  pthread_create(&thread, NULL, test_func, NULL);
  pthread_detach(thread);
  pthread_cancel(thread);
  pthread_join(thread, NULL);
  pthread_atfork(NULL, NULL, NULL);
  pthread_exit(NULL);

  return 0;
}

Determining if the function pthread_create exists in the pthreads failed with the following output:
Change Dir: /home/leecw/Reps/SuperPoint2CPP/CMakeFiles/CMakeTmp

Run Build Command(s):/usr/bin/make cmTC_42ec5/fast && /usr/bin/make  -f CMakeFiles/cmTC_42ec5.dir/build.make CMakeFiles/cmTC_42ec5.dir/build
make[1]: Entering directory '/home/leecw/Reps/SuperPoint2CPP/CMakeFiles/CMakeTmp'
Building C object CMakeFiles/cmTC_42ec5.dir/CheckFunctionExists.c.o
/usr/bin/cc   -DCHECK_FUNCTION_EXISTS=pthread_create -o CMakeFiles/cmTC_42ec5.dir/CheckFunctionExists.c.o -c /usr/local/share/cmake-3.18/Modules/CheckFunctionExists.c
Linking C executable cmTC_42ec5
/usr/local/bin/cmake -E cmake_link_script CMakeFiles/cmTC_42ec5.dir/link.txt --verbose=1
/usr/bin/cc  -DCHECK_FUNCTION_EXISTS=pthread_create -rdynamic CMakeFiles/cmTC_42ec5.dir/CheckFunctionExists.c.o -o cmTC_42ec5  -lpthreads 
/usr/bin/ld: cannot find -lpthreads
collect2: error: ld returned 1 exit status
CMakeFiles/cmTC_42ec5.dir/build.make:105: recipe for target 'cmTC_42ec5' failed
make[1]: *** [cmTC_42ec5] Error 1
make[1]: Leaving directory '/home/leecw/Reps/SuperPoint2CPP/CMakeFiles/CMakeTmp'
Makefile:140: recipe for target 'cmTC_42ec5/fast' failed
make: *** [cmTC_42ec5/fast] Error 2



