Performing C SOURCE FILE Test CMAKE_HAVE_LIBC_PTHREAD failed with the following output:
Change Dir: /home/leecw/Reps/SuperPoint2CPP/build/CMakeFiles/CMakeTmp

Run Build Command(s):/usr/bin/make cmTC_08a54/fast && /usr/bin/make  -f CMakeFiles/cmTC_08a54.dir/build.make CMakeFiles/cmTC_08a54.dir/build
make[1]: Entering directory '/home/leecw/Reps/SuperPoint2CPP/build/CMakeFiles/CMakeTmp'
Building C object CMakeFiles/cmTC_08a54.dir/src.c.o
/usr/bin/gcc-5   -DCMAKE_HAVE_LIBC_PTHREAD -o CMakeFiles/cmTC_08a54.dir/src.c.o -c /home/leecw/Reps/SuperPoint2CPP/build/CMakeFiles/CMakeTmp/src.c
Linking C executable cmTC_08a54
/usr/local/bin/cmake -E cmake_link_script CMakeFiles/cmTC_08a54.dir/link.txt --verbose=1
/usr/bin/gcc-5  -DCMAKE_HAVE_LIBC_PTHREAD -rdynamic CMakeFiles/cmTC_08a54.dir/src.c.o -o cmTC_08a54 
CMakeFiles/cmTC_08a54.dir/src.c.o: In function `main':
src.c:(.text+0x3c): undefined reference to `pthread_create'
src.c:(.text+0x48): undefined reference to `pthread_detach'
src.c:(.text+0x54): undefined reference to `pthread_cancel'
src.c:(.text+0x65): undefined reference to `pthread_join'
src.c:(.text+0x79): undefined reference to `pthread_atfork'
collect2: error: ld returned 1 exit status
CMakeFiles/cmTC_08a54.dir/build.make:105: recipe for target 'cmTC_08a54' failed
make[1]: *** [cmTC_08a54] Error 1
make[1]: Leaving directory '/home/leecw/Reps/SuperPoint2CPP/build/CMakeFiles/CMakeTmp'
Makefile:140: recipe for target 'cmTC_08a54/fast' failed
make: *** [cmTC_08a54/fast] Error 2


Source file was:
#include <pthread.h>

void* test_func(void* data)
{
  return data;
}

int main(void)
{
  pthread_t thread;
  pthread_create(&thread, NULL, test_func, NULL);
  pthread_detach(thread);
  pthread_cancel(thread);
  pthread_join(thread, NULL);
  pthread_atfork(NULL, NULL, NULL);
  pthread_exit(NULL);

  return 0;
}

Determining if the function pthread_create exists in the pthreads failed with the following output:
Change Dir: /home/leecw/Reps/SuperPoint2CPP/build/CMakeFiles/CMakeTmp

Run Build Command(s):/usr/bin/make cmTC_188ca/fast && /usr/bin/make  -f CMakeFiles/cmTC_188ca.dir/build.make CMakeFiles/cmTC_188ca.dir/build
make[1]: Entering directory '/home/leecw/Reps/SuperPoint2CPP/build/CMakeFiles/CMakeTmp'
Building C object CMakeFiles/cmTC_188ca.dir/CheckFunctionExists.c.o
/usr/bin/gcc-5   -DCHECK_FUNCTION_EXISTS=pthread_create -o CMakeFiles/cmTC_188ca.dir/CheckFunctionExists.c.o -c /usr/local/share/cmake-3.18/Modules/CheckFunctionExists.c
Linking C executable cmTC_188ca
/usr/local/bin/cmake -E cmake_link_script CMakeFiles/cmTC_188ca.dir/link.txt --verbose=1
/usr/bin/gcc-5  -DCHECK_FUNCTION_EXISTS=pthread_create -rdynamic CMakeFiles/cmTC_188ca.dir/CheckFunctionExists.c.o -o cmTC_188ca  -lpthreads 
/usr/bin/ld: cannot find -lpthreads
collect2: error: ld returned 1 exit status
CMakeFiles/cmTC_188ca.dir/build.make:105: recipe for target 'cmTC_188ca' failed
make[1]: *** [cmTC_188ca] Error 1
make[1]: Leaving directory '/home/leecw/Reps/SuperPoint2CPP/build/CMakeFiles/CMakeTmp'
Makefile:140: recipe for target 'cmTC_188ca/fast' failed
make: *** [cmTC_188ca/fast] Error 2



